<?xml version="1.0" encoding="UTF-8"?>
<coverage generated="1586645981449" clover="3.2.0">
  <project timestamp="1586645981449" name="All files">
    <metrics statements="8" coveredstatements="7" conditionals="0" coveredconditionals="0" methods="3" coveredmethods="2" elements="11" coveredelements="9" complexity="0" loc="8" ncloc="8" packages="1" files="2" classes="2"/>
    <file name="add.js" path="F:\March\chat app\jest-testing\add.js">
      <metrics statements="5" coveredstatements="4" conditionals="0" coveredconditionals="0" methods="2" coveredmethods="1"/>
      <line num="1" count="1" type="stmt"/>
      <line num="2" count="1" type="stmt"/>
      <line num="6" count="1" type="stmt"/>
      <line num="7" count="0" type="stmt"/>
      <line num="11" count="1" type="stmt"/>
    </file>
    <file name="clonearray.js" path="F:\March\chat app\jest-testing\clonearray.js">
      <metrics statements="3" coveredstatements="3" conditionals="0" coveredconditionals="0" methods="1" coveredmethods="1"/>
      <line num="1" count="1" type="stmt"/>
      <line num="2" count="2" type="stmt"/>
      <line num="5" count="1" type="stmt"/>
    </file>
  </project>
</coverage>
